# JRE version: OpenJDK Runtime Environment (8.0_202-b03) (build 1.8.0_202-release-1483-b03)
# Java VM: OpenJDK 64-Bit Server VM (25.202-b03 mixed mode windows-amd64 compressed oops)
Heap:
 PSYoungGen      total 316416K, used 266117K [0x00000000e0000000, 0x00000000f8080000, 0x0000000100000000)
  eden space 250368K, 87% used [0x00000000e0000000,0x00000000ed68df60,0x00000000ef480000)
  from space 66048K, 70% used [0x00000000ef480000,0x00000000f21d3528,0x00000000f3500000)
  to   space 69120K, 0% used [0x00000000f3d00000,0x00000000f3d00000,0x00000000f8080000)
 ParOldGen       total 242176K, used 70545K [0x00000000a0000000, 0x00000000aec80000, 0x00000000e0000000)
  object space 242176K, 29% used [0x00000000a0000000,0x00000000a44e4450,0x00000000aec80000)
 Metaspace       used 108577K, capacity 116862K, committed 116952K, reserved 1150976K
  class space    used 14277K, capacity 15598K, committed 15616K, reserved 1048576K
GC Heap History (10 events):
Event: 289.706 GC heap before
{Heap before GC invocations=27 (full 4):
 PSYoungGen      total 289280K, used 267642K [0x00000000e0000000, 0x00000000f5600000, 0x0000000100000000)
  eden space 234496K, 100% used [0x00000000e0000000,0x00000000ee500000,0x00000000ee500000)
  from space 54784K, 60% used [0x00000000f2080000,0x00000000f40dea60,0x00000000f5600000)
  to   space 57856K, 0% used [0x00000000ee500000,0x00000000ee500000,0x00000000f1d80000)
 ParOldGen       total 242176K, used 70513K [0x00000000a0000000, 0x00000000aec80000, 0x00000000e0000000)
  object space 242176K, 29% used [0x00000000a0000000,0x00000000a44dc450,0x00000000aec80000)
 Metaspace       used 100053K, capacity 105358K, committed 105560K, reserved 1140736K
  class space    used 13156K, capacity 14108K, committed 14208K, reserved 1048576K
Event: 289.754 GC heap after
Heap after GC invocations=27 (full 4):
 PSYoungGen      total 292352K, used 34332K [0x00000000e0000000, 0x00000000f6580000, 0x0000000100000000)
  eden space 234496K, 0% used [0x00000000e0000000,0x00000000e0000000,0x00000000ee500000)
  from space 57856K, 59% used [0x00000000ee500000,0x00000000f0687350,0x00000000f1d80000)
  to   space 58880K, 0% used [0x00000000f2c00000,0x00000000f2c00000,0x00000000f6580000)
 ParOldGen       total 242176K, used 70513K [0x00000000a0000000, 0x00000000aec80000, 0x00000000e0000000)
  object space 242176K, 29% used [0x00000000a0000000,0x00000000a44dc450,0x00000000aec80000)
 Metaspace       used 100053K, capacity 105358K, committed 105560K, reserved 1140736K
  class space    used 13156K, capacity 14108K, committed 14208K, reserved 1048576K
}
Event: 333.830 GC heap before
{Heap before GC invocations=28 (full 4):
 PSYoungGen      total 292352K, used 268828K [0x00000000e0000000, 0x00000000f6580000, 0x0000000100000000)
  eden space 234496K, 100% used [0x00000000e0000000,0x00000000ee500000,0x00000000ee500000)
  from space 57856K, 59% used [0x00000000ee500000,0x00000000f0687350,0x00000000f1d80000)
  to   space 58880K, 0% used [0x00000000f2c00000,0x00000000f2c00000,0x00000000f6580000)
 ParOldGen       total 242176K, used 70513K [0x00000000a0000000, 0x00000000aec80000, 0x00000000e0000000)
  object space 242176K, 29% used [0x00000000a0000000,0x00000000a44dc450,0x00000000aec80000)
 Metaspace       used 101879K, capacity 107698K, committed 107864K, reserved 1142784K
  class space    used 13382K, capacity 14386K, committed 14464K, reserved 1048576K
Event: 333.866 GC heap after
Heap after GC invocations=28 (full 4):
 PSYoungGen      total 304640K, used 37773K [0x00000000e0000000, 0x00000000f6700000, 0x0000000100000000)
  eden space 245760K, 0% used [0x00000000e0000000,0x00000000e0000000,0x00000000ef000000)
  from space 58880K, 64% used [0x00000000f2c00000,0x00000000f50e3528,0x00000000f6580000)
  to   space 60928K, 0% used [0x00000000ef000000,0x00000000ef000000,0x00000000f2b80000)
 ParOldGen       total 242176K, used 70521K [0x00000000a0000000, 0x00000000aec80000, 0x00000000e0000000)
  object space 242176K, 29% used [0x00000000a0000000,0x00000000a44de450,0x00000000aec80000)
 Metaspace       used 101879K, capacity 107698K, committed 107864K, reserved 1142784K
  class space    used 13382K, capacity 14386K, committed 14464K, reserved 1048576K
}
Event: 366.781 GC heap before
{Heap before GC invocations=29 (full 4):
 PSYoungGen      total 304640K, used 283533K [0x00000000e0000000, 0x00000000f6700000, 0x0000000100000000)
  eden space 245760K, 100% used [0x00000000e0000000,0x00000000ef000000,0x00000000ef000000)
  from space 58880K, 64% used [0x00000000f2c00000,0x00000000f50e3528,0x00000000f6580000)
  to   space 60928K, 0% used [0x00000000ef000000,0x00000000ef000000,0x00000000f2b80000)
 ParOldGen       total 242176K, used 70521K [0x00000000a0000000, 0x00000000aec80000, 0x00000000e0000000)
  object space 242176K, 29% used [0x00000000a0000000,0x00000000a44de450,0x00000000aec80000)
 Metaspace       used 104235K, capacity 110750K, committed 110808K, reserved 1144832K
  class space    used 13702K, capacity 14796K, committed 14848K, reserved 1048576K
Event: 366.822 GC heap after
Heap after GC invocations=29 (full 4):
 PSYoungGen      total 306688K, used 41638K [0x00000000e0000000, 0x00000000f7300000, 0x0000000100000000)
  eden space 245760K, 0% used [0x00000000e0000000,0x00000000e0000000,0x00000000ef000000)
  from space 60928K, 68% used [0x00000000ef000000,0x00000000f18a99c0,0x00000000f2b80000)
  to   space 63488K, 0% used [0x00000000f3500000,0x00000000f3500000,0x00000000f7300000)
 ParOldGen       total 242176K, used 70529K [0x00000000a0000000, 0x00000000aec80000, 0x00000000e0000000)
  object space 242176K, 29% used [0x00000000a0000000,0x00000000a44e0450,0x00000000aec80000)
 Metaspace       used 104235K, capacity 110750K, committed 110808K, reserved 1144832K
  class space    used 13702K, capacity 14796K, committed 14848K, reserved 1048576K
}
Event: 474.851 GC heap before
{Heap before GC invocations=30 (full 4):
 PSYoungGen      total 306688K, used 287398K [0x00000000e0000000, 0x00000000f7300000, 0x0000000100000000)
  eden space 245760K, 100% used [0x00000000e0000000,0x00000000ef000000,0x00000000ef000000)
  from space 60928K, 68% used [0x00000000ef000000,0x00000000f18a99c0,0x00000000f2b80000)
  to   space 63488K, 0% used [0x00000000f3500000,0x00000000f3500000,0x00000000f7300000)
 ParOldGen       total 242176K, used 70529K [0x00000000a0000000, 0x00000000aec80000, 0x00000000e0000000)
  object space 242176K, 29% used [0x00000000a0000000,0x00000000a44e0450,0x00000000aec80000)
 Metaspace       used 105842K, capacity 112674K, committed 112856K, reserved 1146880K
  class space    used 13891K, capacity 15018K, committed 15104K, reserved 1048576K
Event: 474.878 GC heap after
Heap after GC invocations=30 (full 4):
 PSYoungGen      total 313856K, used 43916K [0x00000000e0000000, 0x00000000f7680000, 0x0000000100000000)
  eden space 250368K, 0% used [0x00000000e0000000,0x00000000e0000000,0x00000000ef480000)
  from space 63488K, 69% used [0x00000000f3500000,0x00000000f5fe3360,0x00000000f7300000)
  to   space 66048K, 0% used [0x00000000ef480000,0x00000000ef480000,0x00000000f3500000)
 ParOldGen       total 242176K, used 70537K [0x00000000a0000000, 0x00000000aec80000, 0x00000000e0000000)
  object space 242176K, 29% used [0x00000000a0000000,0x00000000a44e2450,0x00000000aec80000)
 Metaspace       used 105842K, capacity 112674K, committed 112856K, reserved 1146880K
  class space    used 13891K, capacity 15018K, committed 15104K, reserved 1048576K
}
Event: 499.207 GC heap before
{Heap before GC invocations=31 (full 4):
 PSYoungGen      total 313856K, used 294284K [0x00000000e0000000, 0x00000000f7680000, 0x0000000100000000)
  eden space 250368K, 100% used [0x00000000e0000000,0x00000000ef480000,0x00000000ef480000)
  from space 63488K, 69% used [0x00000000f3500000,0x00000000f5fe3360,0x00000000f7300000)
  to   space 66048K, 0% used [0x00000000ef480000,0x00000000ef480000,0x00000000f3500000)
 ParOldGen       total 242176K, used 70537K [0x00000000a0000000, 0x00000000aec80000, 0x00000000e0000000)
  object space 242176K, 29% used [0x00000000a0000000,0x00000000a44e2450,0x00000000aec80000)
 Metaspace       used 107426K, capacity 114484K, committed 114648K, reserved 1148928K
  class space    used 14085K, capacity 15253K, committed 15360K, reserved 1048576K
Event: 499.238 GC heap after
Heap after GC invocations=31 (full 4):
 PSYoungGen      total 316416K, used 46413K [0x00000000e0000000, 0x00000000f8080000, 0x0000000100000000)
  eden space 250368K, 0% used [0x00000000e0000000,0x00000000e0000000,0x00000000ef480000)
  from space 66048K, 70% used [0x00000000ef480000,0x00000000f21d3528,0x00000000f3500000)
  to   space 69120K, 0% used [0x00000000f3d00000,0x00000000f3d00000,0x00000000f8080000)
 ParOldGen       total 242176K, used 70545K [0x00000000a0000000, 0x00000000aec80000, 0x00000000e0000000)
  object space 242176K, 29% used [0x00000000a0000000,0x00000000a44e4450,0x00000000aec80000)
 Metaspace       used 107426K, capacity 114484K, committed 114648K, reserved 1148928K
  class space    used 14085K, capacity 15253K, committed 15360K, reserved 1048576K
}

