# JRE version: OpenJDK Runtime Environment (8.0_202-b03) (build 1.8.0_202-release-1483-b03)
# Java VM: OpenJDK 64-Bit Server VM (25.202-b03 mixed mode windows-amd64 compressed oops)
Heap:
 PSYoungGen      total 292352K, used 237832K [0x00000000e0000000, 0x00000000f5b00000, 0x0000000100000000)
  eden space 238592K, 93% used [0x00000000e0000000,0x00000000edaab228,0x00000000ee900000)
  from space 53760K, 25% used [0x00000000f2680000,0x00000000f3416fa0,0x00000000f5b00000)
  to   space 58368K, 0% used [0x00000000ee900000,0x00000000ee900000,0x00000000f2200000)
 ParOldGen       total 263680K, used 74429K [0x00000000a0000000, 0x00000000b0180000, 0x00000000e0000000)
  object space 263680K, 28% used [0x00000000a0000000,0x00000000a48af598,0x00000000b0180000)
 Metaspace       used 101836K, capacity 107600K, committed 107724K, reserved 1142784K
  class space    used 13257K, capacity 14275K, committed 14324K, reserved 1048576K
GC Heap History (10 events):
Event: 1245.689 GC heap before
{Heap before GC invocations=28 (full 4):
 PSYoungGen      total 256512K, used 44889K [0x00000000e0000000, 0x00000000f4500000, 0x0000000100000000)
  eden space 200192K, 0% used [0x00000000e0000000,0x00000000e0000000,0x00000000ec380000)
  from space 56320K, 79% used [0x00000000efe80000,0x00000000f2a56790,0x00000000f3580000)
  to   space 60416K, 0% used [0x00000000ec380000,0x00000000ec380000,0x00000000efe80000)
 ParOldGen       total 164352K, used 123079K [0x00000000a0000000, 0x00000000aa080000, 0x00000000e0000000)
  object space 164352K, 74% used [0x00000000a0000000,0x00000000a7831e60,0x00000000aa080000)
 Metaspace       used 92924K, capacity 98212K, committed 98380K, reserved 1134592K
  class space    used 12353K, capacity 13316K, committed 13428K, reserved 1048576K
Event: 1245.837 GC heap after
Heap after GC invocations=28 (full 4):
 PSYoungGen      total 256512K, used 0K [0x00000000e0000000, 0x00000000f4500000, 0x0000000100000000)
  eden space 200192K, 0% used [0x00000000e0000000,0x00000000e0000000,0x00000000ec380000)
  from space 56320K, 0% used [0x00000000efe80000,0x00000000efe80000,0x00000000f3580000)
  to   space 60416K, 0% used [0x00000000ec380000,0x00000000ec380000,0x00000000efe80000)
 ParOldGen       total 263680K, used 74405K [0x00000000a0000000, 0x00000000b0180000, 0x00000000e0000000)
  object space 263680K, 28% used [0x00000000a0000000,0x00000000a48a9598,0x00000000b0180000)
 Metaspace       used 92738K, capacity 97726K, committed 98380K, reserved 1134592K
  class space    used 12298K, capacity 13229K, committed 13428K, reserved 1048576K
}
Event: 1295.585 GC heap before
{Heap before GC invocations=29 (full 4):
 PSYoungGen      total 256512K, used 200192K [0x00000000e0000000, 0x00000000f4500000, 0x0000000100000000)
  eden space 200192K, 100% used [0x00000000e0000000,0x00000000ec380000,0x00000000ec380000)
  from space 56320K, 0% used [0x00000000efe80000,0x00000000efe80000,0x00000000f3580000)
  to   space 60416K, 0% used [0x00000000ec380000,0x00000000ec380000,0x00000000efe80000)
 ParOldGen       total 263680K, used 74405K [0x00000000a0000000, 0x00000000b0180000, 0x00000000e0000000)
  object space 263680K, 28% used [0x00000000a0000000,0x00000000a48a9598,0x00000000b0180000)
 Metaspace       used 96991K, capacity 102282K, committed 102348K, reserved 1138688K
  class space    used 12819K, capacity 13778K, committed 13812K, reserved 1048576K
Event: 1295.597 GC heap after
Heap after GC invocations=29 (full 4):
 PSYoungGen      total 260608K, used 17080K [0x00000000e0000000, 0x00000000f4f00000, 0x0000000100000000)
  eden space 200192K, 0% used [0x00000000e0000000,0x00000000e0000000,0x00000000ec380000)
  from space 60416K, 28% used [0x00000000ec380000,0x00000000ed42e060,0x00000000efe80000)
  to   space 58880K, 0% used [0x00000000f1580000,0x00000000f1580000,0x00000000f4f00000)
 ParOldGen       total 263680K, used 74413K [0x00000000a0000000, 0x00000000b0180000, 0x00000000e0000000)
  object space 263680K, 28% used [0x00000000a0000000,0x00000000a48ab598,0x00000000b0180000)
 Metaspace       used 96991K, capacity 102282K, committed 102348K, reserved 1138688K
  class space    used 12819K, capacity 13778K, committed 13812K, reserved 1048576K
}
Event: 1340.727 GC heap before
{Heap before GC invocations=30 (full 4):
 PSYoungGen      total 260608K, used 217272K [0x00000000e0000000, 0x00000000f4f00000, 0x0000000100000000)
  eden space 200192K, 100% used [0x00000000e0000000,0x00000000ec380000,0x00000000ec380000)
  from space 60416K, 28% used [0x00000000ec380000,0x00000000ed42e060,0x00000000efe80000)
  to   space 58880K, 0% used [0x00000000f1580000,0x00000000f1580000,0x00000000f4f00000)
 ParOldGen       total 263680K, used 74413K [0x00000000a0000000, 0x00000000b0180000, 0x00000000e0000000)
  object space 263680K, 28% used [0x00000000a0000000,0x00000000a48ab598,0x00000000b0180000)
 Metaspace       used 97637K, capacity 103028K, committed 103244K, reserved 1138688K
  class space    used 12861K, capacity 13833K, committed 13940K, reserved 1048576K
Event: 1340.745 GC heap after
Heap after GC invocations=30 (full 4):
 PSYoungGen      total 280576K, used 43549K [0x00000000e0000000, 0x00000000f5180000, 0x0000000100000000)
  eden space 221696K, 0% used [0x00000000e0000000,0x00000000e0000000,0x00000000ed880000)
  from space 58880K, 73% used [0x00000000f1580000,0x00000000f4007470,0x00000000f4f00000)
  to   space 61952K, 0% used [0x00000000ed880000,0x00000000ed880000,0x00000000f1500000)
 ParOldGen       total 263680K, used 74421K [0x00000000a0000000, 0x00000000b0180000, 0x00000000e0000000)
  object space 263680K, 28% used [0x00000000a0000000,0x00000000a48ad598,0x00000000b0180000)
 Metaspace       used 97637K, capacity 103028K, committed 103244K, reserved 1138688K
  class space    used 12861K, capacity 13833K, committed 13940K, reserved 1048576K
}
Event: 1342.406 GC heap before
{Heap before GC invocations=31 (full 4):
 PSYoungGen      total 280576K, used 265245K [0x00000000e0000000, 0x00000000f5180000, 0x0000000100000000)
  eden space 221696K, 100% used [0x00000000e0000000,0x00000000ed880000,0x00000000ed880000)
  from space 58880K, 73% used [0x00000000f1580000,0x00000000f4007470,0x00000000f4f00000)
  to   space 61952K, 0% used [0x00000000ed880000,0x00000000ed880000,0x00000000f1500000)
 ParOldGen       total 263680K, used 74421K [0x00000000a0000000, 0x00000000b0180000, 0x00000000e0000000)
  object space 263680K, 28% used [0x00000000a0000000,0x00000000a48ad598,0x00000000b0180000)
 Metaspace       used 97803K, capacity 103166K, committed 103500K, reserved 1138688K
  class space    used 12881K, capacity 13846K, committed 13940K, reserved 1048576K
Event: 1342.416 GC heap after
Heap after GC invocations=31 (full 4):
 PSYoungGen      total 283648K, used 29060K [0x00000000e0000000, 0x00000000f6000000, 0x0000000100000000)
  eden space 221696K, 0% used [0x00000000e0000000,0x00000000e0000000,0x00000000ed880000)
  from space 61952K, 46% used [0x00000000ed880000,0x00000000ef4e1388,0x00000000f1500000)
  to   space 58880K, 0% used [0x00000000f2680000,0x00000000f2680000,0x00000000f6000000)
 ParOldGen       total 263680K, used 74421K [0x00000000a0000000, 0x00000000b0180000, 0x00000000e0000000)
  object space 263680K, 28% used [0x00000000a0000000,0x00000000a48ad598,0x00000000b0180000)
 Metaspace       used 97803K, capacity 103166K, committed 103500K, reserved 1138688K
  class space    used 12881K, capacity 13846K, committed 13940K, reserved 1048576K
}
Event: 1492.847 GC heap before
{Heap before GC invocations=32 (full 4):
 PSYoungGen      total 283648K, used 250756K [0x00000000e0000000, 0x00000000f6000000, 0x0000000100000000)
  eden space 221696K, 100% used [0x00000000e0000000,0x00000000ed880000,0x00000000ed880000)
  from space 61952K, 46% used [0x00000000ed880000,0x00000000ef4e1388,0x00000000f1500000)
  to   space 58880K, 0% used [0x00000000f2680000,0x00000000f2680000,0x00000000f6000000)
 ParOldGen       total 263680K, used 74421K [0x00000000a0000000, 0x00000000b0180000, 0x00000000e0000000)
  object space 263680K, 28% used [0x00000000a0000000,0x00000000a48ad598,0x00000000b0180000)
 Metaspace       used 98344K, capacity 103984K, committed 104140K, reserved 1138688K
  class space    used 12926K, capacity 13979K, committed 14068K, reserved 1048576K
Event: 1492.858 GC heap after
Heap after GC invocations=32 (full 4):
 PSYoungGen      total 292352K, used 13915K [0x00000000e0000000, 0x00000000f5b00000, 0x0000000100000000)
  eden space 238592K, 0% used [0x00000000e0000000,0x00000000e0000000,0x00000000ee900000)
  from space 53760K, 25% used [0x00000000f2680000,0x00000000f3416fa0,0x00000000f5b00000)
  to   space 58368K, 0% used [0x00000000ee900000,0x00000000ee900000,0x00000000f2200000)
 ParOldGen       total 263680K, used 74429K [0x00000000a0000000, 0x00000000b0180000, 0x00000000e0000000)
  object space 263680K, 28% used [0x00000000a0000000,0x00000000a48af598,0x00000000b0180000)
 Metaspace       used 98344K, capacity 103984K, committed 104140K, reserved 1138688K
  class space    used 12926K, capacity 13979K, committed 14068K, reserved 1048576K
}

